2024-09-05 12:59:20,804 - INFO - Logging initialized, writing to: ./../ingestion.log
2024-09-05 12:59:20,822 - INFO - Loaded existing Bloom filter.
2024-09-05 12:59:20,823 - INFO - No previous min_taken_date found. Using default: 2011-01-01 00:00:00
2024-09-05 12:59:20,823 - INFO - Attempt 1 of 3 to fetch photos.
2024-09-05 12:59:20,823 - INFO - Calling {'method': 'flickr.photos.search', 'format': 'parsed-json', 'nojsoncallback': 1}
2024-09-05 12:59:22,854 - INFO - Message delivered to flickr-photos [0]
2024-09-05 12:59:22,855 - INFO - Message delivered to flickr-photos [0]
2024-09-05 12:59:22,856 - INFO - Message delivered to flickr-photos [0]
2024-09-05 12:59:22,856 - INFO - Message delivered to flickr-photos [0]
2024-09-05 12:59:22,862 - INFO - Message delivered to flickr-photos [0]
2024-09-05 12:59:22,883 - INFO - Message delivered to flickr-photos [0]
2024-09-05 12:59:22,886 - INFO - Message delivered to flickr-photos [0]
2024-09-05 12:59:22,886 - INFO - Message delivered to flickr-photos [0]
2024-09-05 12:59:22,886 - INFO - Message delivered to flickr-photos [0]
2024-09-05 12:59:22,887 - INFO - Message delivered to flickr-photos [0]
2024-09-05 12:59:22,887 - INFO - Message delivered to flickr-photos [0]
2024-09-05 12:59:22,888 - INFO - Message delivered to flickr-photos [0]
2024-09-05 12:59:22,888 - INFO - Message delivered to flickr-photos [0]
2024-09-05 12:59:22,888 - INFO - Message delivered to flickr-photos [0]
2024-09-05 12:59:22,890 - INFO - Message delivered to flickr-photos [0]
2024-09-05 12:59:22,893 - INFO - Message delivered to flickr-photos [0]
2024-09-05 12:59:22,894 - INFO - Message delivered to flickr-photos [0]
2024-09-05 12:59:22,895 - INFO - Message delivered to flickr-photos [0]
2024-09-05 12:59:22,895 - INFO - Message delivered to flickr-photos [0]
2024-09-05 12:59:22,895 - INFO - Message delivered to flickr-photos [0]
2024-09-05 12:59:22,896 - INFO - Message delivered to flickr-photos [0]
2024-09-05 12:59:22,897 - INFO - Message delivered to flickr-photos [0]
2024-09-05 12:59:22,897 - INFO - Message delivered to flickr-photos [0]
2024-09-05 12:59:22,898 - INFO - Message delivered to flickr-photos [0]
2024-09-05 12:59:22,898 - INFO - Message delivered to flickr-photos [0]
2024-09-05 12:59:22,899 - INFO - Message delivered to flickr-photos [0]
2024-09-05 12:59:22,899 - INFO - Message delivered to flickr-photos [0]
2024-09-05 12:59:22,899 - INFO - Message delivered to flickr-photos [0]
2024-09-05 12:59:22,900 - INFO - Message delivered to flickr-photos [0]
2024-09-05 12:59:22,900 - INFO - Message delivered to flickr-photos [0]
2024-09-05 12:59:22,900 - INFO - Message delivered to flickr-photos [0]
2024-09-05 12:59:22,900 - INFO - Message delivered to flickr-photos [0]
2024-09-05 12:59:22,901 - INFO - Message delivered to flickr-photos [0]
2024-09-05 12:59:22,901 - INFO - Message delivered to flickr-photos [0]
2024-09-05 12:59:22,901 - INFO - Message delivered to flickr-photos [0]
2024-09-05 12:59:22,902 - INFO - Message delivered to flickr-photos [0]
2024-09-05 12:59:22,902 - INFO - Message delivered to flickr-photos [0]
2024-09-05 12:59:22,902 - INFO - Message delivered to flickr-photos [0]
2024-09-05 12:59:22,902 - INFO - Message delivered to flickr-photos [0]
2024-09-05 12:59:22,903 - INFO - Message delivered to flickr-photos [0]
2024-09-05 12:59:22,903 - INFO - Message delivered to flickr-photos [0]
2024-09-05 12:59:22,904 - INFO - Message delivered to flickr-photos [0]
2024-09-05 12:59:22,904 - INFO - Message delivered to flickr-photos [0]
2024-09-05 12:59:22,904 - INFO - Message delivered to flickr-photos [0]
2024-09-05 12:59:22,904 - INFO - Message delivered to flickr-photos [0]
2024-09-05 12:59:22,905 - INFO - Message delivered to flickr-photos [0]
2024-09-05 12:59:22,905 - INFO - Message delivered to flickr-photos [0]
2024-09-05 12:59:22,905 - INFO - Message delivered to flickr-photos [0]
2024-09-05 12:59:22,906 - INFO - Message delivered to flickr-photos [0]
2024-09-05 12:59:22,906 - INFO - Message delivered to flickr-photos [0]
2024-09-05 12:59:22,906 - INFO - Message delivered to flickr-photos [0]
2024-09-05 12:59:22,907 - INFO - Message delivered to flickr-photos [0]
2024-09-05 12:59:22,909 - INFO - Message delivered to flickr-photos [0]
2024-09-05 12:59:22,912 - INFO - Message delivered to flickr-photos [0]
2024-09-05 12:59:22,912 - INFO - Message delivered to flickr-photos [0]
2024-09-05 12:59:22,912 - INFO - Message delivered to flickr-photos [0]
2024-09-05 12:59:22,913 - INFO - Message delivered to flickr-photos [0]
2024-09-05 12:59:22,913 - INFO - Message delivered to flickr-photos [0]
2024-09-05 12:59:22,913 - INFO - Message delivered to flickr-photos [0]
2024-09-05 12:59:22,913 - INFO - Message delivered to flickr-photos [0]
2024-09-05 12:59:22,914 - INFO - Message delivered to flickr-photos [0]
2024-09-05 12:59:22,914 - INFO - Message delivered to flickr-photos [0]
2024-09-05 12:59:22,914 - INFO - Message delivered to flickr-photos [0]
2024-09-05 12:59:22,915 - INFO - Message delivered to flickr-photos [0]
2024-09-05 12:59:22,915 - INFO - Message delivered to flickr-photos [0]
2024-09-05 12:59:22,915 - INFO - Message delivered to flickr-photos [0]
2024-09-05 12:59:22,915 - INFO - Message delivered to flickr-photos [0]
2024-09-05 12:59:22,916 - INFO - Message delivered to flickr-photos [0]
2024-09-05 12:59:22,917 - INFO - Message delivered to flickr-photos [0]
2024-09-05 12:59:22,918 - INFO - Message delivered to flickr-photos [0]
2024-09-05 12:59:22,918 - INFO - Message delivered to flickr-photos [0]
2024-09-05 12:59:22,920 - INFO - Message delivered to flickr-photos [0]
2024-09-05 12:59:22,920 - INFO - Message delivered to flickr-photos [0]
2024-09-05 12:59:22,921 - INFO - Message delivered to flickr-photos [0]
2024-09-05 12:59:22,921 - INFO - Message delivered to flickr-photos [0]
2024-09-05 12:59:22,921 - INFO - Message delivered to flickr-photos [0]
2024-09-05 12:59:22,921 - INFO - Message delivered to flickr-photos [0]
2024-09-05 12:59:22,922 - INFO - Message delivered to flickr-photos [0]
2024-09-05 12:59:22,922 - INFO - Message delivered to flickr-photos [0]
2024-09-05 12:59:22,922 - INFO - Message delivered to flickr-photos [0]
2024-09-05 12:59:22,928 - INFO - Message delivered to flickr-photos [0]
2024-09-05 12:59:22,929 - INFO - Message delivered to flickr-photos [0]
2024-09-05 12:59:22,933 - INFO - Message delivered to flickr-photos [0]
2024-09-05 12:59:22,934 - INFO - Message delivered to flickr-photos [0]
2024-09-05 12:59:22,935 - INFO - Message delivered to flickr-photos [0]
2024-09-05 12:59:22,936 - INFO - Message delivered to flickr-photos [0]
2024-09-05 12:59:22,936 - INFO - Message delivered to flickr-photos [0]
2024-09-05 12:59:22,937 - INFO - Message delivered to flickr-photos [0]
2024-09-05 12:59:22,937 - INFO - Message delivered to flickr-photos [0]
2024-09-05 12:59:22,937 - INFO - Message delivered to flickr-photos [0]
2024-09-05 12:59:22,938 - INFO - Message delivered to flickr-photos [0]
2024-09-05 12:59:22,939 - INFO - Message delivered to flickr-photos [0]
2024-09-05 12:59:22,940 - INFO - Message delivered to flickr-photos [0]
2024-09-05 12:59:22,940 - INFO - Message delivered to flickr-photos [0]
2024-09-05 12:59:22,941 - INFO - Message delivered to flickr-photos [0]
2024-09-05 12:59:22,943 - INFO - Message delivered to flickr-photos [0]
2024-09-05 12:59:22,943 - INFO - Message delivered to flickr-photos [0]
2024-09-05 12:59:22,943 - INFO - Message delivered to flickr-photos [0]
2024-09-05 12:59:22,944 - INFO - Message delivered to flickr-photos [0]
2024-09-05 12:59:22,945 - INFO - Message delivered to flickr-photos [0]
2024-09-05 12:59:22,945 - INFO - Message delivered to flickr-photos [0]
2024-09-05 12:59:22,946 - INFO - Message delivered to flickr-photos [0]
2024-09-05 12:59:22,946 - INFO - Message delivered to flickr-photos [0]
2024-09-05 12:59:22,947 - INFO - Message delivered to flickr-photos [0]
2024-09-05 12:59:22,948 - INFO - Message delivered to flickr-photos [0]
2024-09-05 12:59:22,949 - INFO - Message delivered to flickr-photos [0]
2024-09-05 12:59:22,949 - INFO - Message delivered to flickr-photos [0]
2024-09-05 12:59:22,951 - INFO - Message delivered to flickr-photos [0]
2024-09-05 12:59:22,952 - INFO - Message delivered to flickr-photos [0]
2024-09-05 12:59:22,952 - INFO - Message delivered to flickr-photos [0]
2024-09-05 12:59:22,953 - INFO - Message delivered to flickr-photos [0]
2024-09-05 12:59:22,953 - INFO - Message delivered to flickr-photos [0]
2024-09-05 12:59:22,953 - INFO - Message delivered to flickr-photos [0]
2024-09-05 12:59:22,954 - INFO - Message delivered to flickr-photos [0]
2024-09-05 12:59:22,954 - INFO - Message delivered to flickr-photos [0]
2024-09-05 12:59:22,954 - INFO - Message delivered to flickr-photos [0]
2024-09-05 12:59:22,955 - INFO - Message delivered to flickr-photos [0]
2024-09-05 12:59:22,955 - INFO - Message delivered to flickr-photos [0]
2024-09-05 12:59:22,955 - INFO - Message delivered to flickr-photos [0]
2024-09-05 12:59:22,955 - INFO - Message delivered to flickr-photos [0]
2024-09-05 12:59:22,956 - INFO - Message delivered to flickr-photos [0]
2024-09-05 12:59:22,956 - INFO - Message delivered to flickr-photos [0]
2024-09-05 12:59:22,956 - INFO - Message delivered to flickr-photos [0]
2024-09-05 12:59:22,956 - INFO - Message delivered to flickr-photos [0]
2024-09-05 12:59:22,956 - INFO - Message delivered to flickr-photos [0]
2024-09-05 12:59:22,957 - INFO - Message delivered to flickr-photos [0]
2024-09-05 12:59:22,957 - INFO - Message delivered to flickr-photos [0]
2024-09-05 12:59:22,957 - INFO - Message delivered to flickr-photos [0]
2024-09-05 12:59:22,957 - INFO - Message delivered to flickr-photos [0]
2024-09-05 12:59:22,957 - INFO - Message delivered to flickr-photos [0]
2024-09-05 12:59:22,958 - INFO - Message delivered to flickr-photos [0]
2024-09-05 12:59:22,958 - INFO - Message delivered to flickr-photos [0]
2024-09-05 12:59:22,958 - INFO - Message delivered to flickr-photos [0]
2024-09-05 12:59:22,958 - INFO - Message delivered to flickr-photos [0]
2024-09-05 12:59:22,959 - INFO - Message delivered to flickr-photos [0]
2024-09-05 12:59:22,960 - INFO - Message delivered to flickr-photos [0]
2024-09-05 12:59:22,961 - INFO - Message delivered to flickr-photos [0]
2024-09-05 12:59:22,961 - INFO - Message delivered to flickr-photos [0]
2024-09-05 12:59:22,962 - INFO - Message delivered to flickr-photos [0]
2024-09-05 12:59:22,962 - INFO - Message delivered to flickr-photos [0]
2024-09-05 12:59:22,962 - INFO - Message delivered to flickr-photos [0]
2024-09-05 12:59:22,962 - INFO - Message delivered to flickr-photos [0]
2024-09-05 12:59:22,963 - INFO - Message delivered to flickr-photos [0]
2024-09-05 12:59:22,963 - INFO - Message delivered to flickr-photos [0]
2024-09-05 12:59:22,963 - INFO - Message delivered to flickr-photos [0]
2024-09-05 12:59:22,963 - INFO - Message delivered to flickr-photos [0]
2024-09-05 12:59:22,963 - INFO - Message delivered to flickr-photos [0]
2024-09-05 12:59:22,964 - INFO - Message delivered to flickr-photos [0]
2024-09-05 12:59:22,964 - INFO - Message delivered to flickr-photos [0]
2024-09-05 12:59:22,966 - INFO - Message delivered to flickr-photos [0]
2024-09-05 12:59:22,966 - INFO - Message delivered to flickr-photos [0]
2024-09-05 12:59:22,966 - INFO - Message delivered to flickr-photos [0]
2024-09-05 12:59:22,967 - INFO - Message delivered to flickr-photos [0]
2024-09-05 12:59:22,967 - INFO - Message delivered to flickr-photos [0]
2024-09-05 12:59:22,968 - INFO - Message delivered to flickr-photos [0]
2024-09-05 12:59:22,970 - INFO - Message delivered to flickr-photos [0]
2024-09-05 12:59:22,973 - INFO - Message delivered to flickr-photos [0]
2024-09-05 12:59:22,974 - INFO - Message delivered to flickr-photos [0]
2024-09-05 12:59:22,974 - INFO - Message delivered to flickr-photos [0]
2024-09-05 12:59:22,975 - INFO - Message delivered to flickr-photos [0]
2024-09-05 12:59:22,975 - INFO - Message delivered to flickr-photos [0]
2024-09-05 12:59:22,975 - INFO - Message delivered to flickr-photos [0]
2024-09-05 12:59:22,975 - INFO - Message delivered to flickr-photos [0]
2024-09-05 12:59:22,976 - INFO - Message delivered to flickr-photos [0]
2024-09-05 12:59:22,976 - INFO - Message delivered to flickr-photos [0]
2024-09-05 12:59:22,976 - INFO - Message delivered to flickr-photos [0]
2024-09-05 12:59:22,976 - INFO - Message delivered to flickr-photos [0]
2024-09-05 12:59:22,976 - INFO - Message delivered to flickr-photos [0]
2024-09-05 12:59:22,976 - INFO - Message delivered to flickr-photos [0]
2024-09-05 12:59:22,977 - INFO - Message delivered to flickr-photos [0]
2024-09-05 12:59:22,977 - INFO - Message delivered to flickr-photos [0]
2024-09-05 12:59:22,977 - INFO - Message delivered to flickr-photos [0]
2024-09-05 12:59:22,979 - INFO - Message delivered to flickr-photos [0]
2024-09-05 12:59:22,979 - INFO - Message delivered to flickr-photos [0]
2024-09-05 12:59:22,980 - INFO - Message delivered to flickr-photos [0]
2024-09-05 12:59:22,980 - INFO - Message delivered to flickr-photos [0]
2024-09-05 12:59:22,980 - INFO - Message delivered to flickr-photos [0]
2024-09-05 12:59:22,980 - INFO - Message delivered to flickr-photos [0]
2024-09-05 12:59:22,981 - INFO - Message delivered to flickr-photos [0]
2024-09-05 12:59:22,981 - INFO - Message delivered to flickr-photos [0]
2024-09-05 12:59:22,981 - INFO - Message delivered to flickr-photos [0]
2024-09-05 12:59:22,982 - INFO - Message delivered to flickr-photos [0]
2024-09-05 12:59:22,982 - INFO - Message delivered to flickr-photos [0]
2024-09-05 12:59:22,982 - INFO - Message delivered to flickr-photos [0]
2024-09-05 12:59:22,982 - INFO - Message delivered to flickr-photos [0]
2024-09-05 12:59:22,983 - INFO - Message delivered to flickr-photos [0]
2024-09-05 12:59:22,983 - INFO - Message delivered to flickr-photos [0]
2024-09-05 12:59:22,983 - INFO - Message delivered to flickr-photos [0]
2024-09-05 12:59:22,983 - INFO - Message delivered to flickr-photos [0]
2024-09-05 12:59:22,983 - INFO - Message delivered to flickr-photos [0]
2024-09-05 12:59:22,984 - INFO - Message delivered to flickr-photos [0]
2024-09-05 12:59:22,984 - INFO - Message delivered to flickr-photos [0]
2024-09-05 12:59:22,984 - INFO - Message delivered to flickr-photos [0]
2024-09-05 12:59:22,984 - INFO - Message delivered to flickr-photos [0]
2024-09-05 12:59:22,984 - INFO - Message delivered to flickr-photos [0]
2024-09-05 12:59:22,985 - INFO - Message delivered to flickr-photos [0]
2024-09-05 12:59:22,985 - INFO - Message delivered to flickr-photos [0]
2024-09-05 12:59:22,985 - INFO - Message delivered to flickr-photos [0]
2024-09-05 12:59:22,985 - INFO - Message delivered to flickr-photos [0]
2024-09-05 12:59:22,985 - INFO - Message delivered to flickr-photos [0]
2024-09-05 12:59:22,986 - INFO - Message delivered to flickr-photos [0]
2024-09-05 12:59:22,986 - INFO - Message delivered to flickr-photos [0]
2024-09-05 12:59:22,986 - INFO - Message delivered to flickr-photos [0]
2024-09-05 12:59:22,986 - INFO - Message delivered to flickr-photos [0]
2024-09-05 12:59:22,986 - INFO - Message delivered to flickr-photos [0]
2024-09-05 12:59:22,987 - INFO - Message delivered to flickr-photos [0]
2024-09-05 12:59:22,987 - INFO - Message delivered to flickr-photos [0]
2024-09-05 12:59:22,987 - INFO - Message delivered to flickr-photos [0]
2024-09-05 12:59:22,987 - INFO - Message delivered to flickr-photos [0]
2024-09-05 12:59:22,988 - INFO - Message delivered to flickr-photos [0]
2024-09-05 12:59:22,988 - INFO - Message delivered to flickr-photos [0]
2024-09-05 12:59:22,988 - INFO - Message delivered to flickr-photos [0]
2024-09-05 12:59:22,988 - INFO - Message delivered to flickr-photos [0]
2024-09-05 12:59:22,988 - INFO - Message delivered to flickr-photos [0]
2024-09-05 12:59:22,988 - INFO - Message delivered to flickr-photos [0]
2024-09-05 12:59:22,989 - INFO - Message delivered to flickr-photos [0]
2024-09-05 12:59:22,989 - INFO - Message delivered to flickr-photos [0]
2024-09-05 12:59:22,989 - INFO - Message delivered to flickr-photos [0]
2024-09-05 12:59:22,989 - INFO - Message delivered to flickr-photos [0]
2024-09-05 12:59:22,989 - INFO - Message delivered to flickr-photos [0]
2024-09-05 12:59:22,990 - INFO - Message delivered to flickr-photos [0]
2024-09-05 12:59:22,990 - INFO - Message delivered to flickr-photos [0]
2024-09-05 12:59:22,990 - INFO - Message delivered to flickr-photos [0]
2024-09-05 12:59:22,990 - INFO - Message delivered to flickr-photos [0]
2024-09-05 12:59:22,990 - INFO - Message delivered to flickr-photos [0]
2024-09-05 12:59:22,991 - INFO - Message delivered to flickr-photos [0]
2024-09-05 12:59:22,991 - INFO - Message delivered to flickr-photos [0]
2024-09-05 12:59:22,991 - INFO - Message delivered to flickr-photos [0]
2024-09-05 12:59:22,991 - INFO - Message delivered to flickr-photos [0]
2024-09-05 12:59:22,992 - INFO - Message delivered to flickr-photos [0]
2024-09-05 12:59:22,992 - INFO - Message delivered to flickr-photos [0]
2024-09-05 12:59:22,992 - INFO - Message delivered to flickr-photos [0]
2024-09-05 12:59:22,992 - INFO - Message delivered to flickr-photos [0]
2024-09-05 12:59:22,994 - INFO - Message delivered to flickr-photos [0]
2024-09-05 12:59:22,994 - INFO - Message delivered to flickr-photos [0]
2024-09-05 12:59:22,995 - INFO - Message delivered to flickr-photos [0]
2024-09-05 12:59:22,995 - INFO - Message delivered to flickr-photos [0]
2024-09-05 12:59:22,995 - INFO - Message delivered to flickr-photos [0]
2024-09-05 12:59:22,995 - INFO - Message delivered to flickr-photos [0]
2024-09-05 12:59:22,995 - INFO - Message delivered to flickr-photos [0]
2024-09-05 12:59:22,996 - INFO - Message delivered to flickr-photos [0]
2024-09-05 12:59:22,996 - INFO - Message delivered to flickr-photos [0]
2024-09-05 12:59:22,996 - INFO - Message delivered to flickr-photos [0]
2024-09-05 12:59:22,996 - INFO - Message delivered to flickr-photos [0]
2024-09-05 12:59:22,996 - INFO - Message delivered to flickr-photos [0]
2024-09-05 12:59:22,996 - INFO - Message delivered to flickr-photos [0]
2024-09-05 12:59:22,997 - INFO - Message delivered to flickr-photos [0]
2024-09-05 12:59:22,997 - INFO - Message delivered to flickr-photos [0]
2024-09-05 12:59:22,997 - INFO - Message delivered to flickr-photos [0]
2024-09-05 12:59:22,997 - INFO - Message delivered to flickr-photos [0]
2024-09-05 12:59:22,997 - INFO - Added 250 new photos to Kafka.
2024-09-05 12:59:28,002 - INFO - Attempt 1 of 3 to fetch photos.
2024-09-05 12:59:28,003 - INFO - Calling {'method': 'flickr.photos.search', 'format': 'parsed-json', 'nojsoncallback': 1}
2024-09-05 12:59:29,808 - INFO - Message delivered to flickr-photos [0]
2024-09-05 12:59:29,810 - INFO - Message delivered to flickr-photos [0]
2024-09-05 12:59:29,811 - INFO - Message delivered to flickr-photos [0]
2024-09-05 12:59:29,811 - INFO - Message delivered to flickr-photos [0]
2024-09-05 12:59:29,812 - INFO - Message delivered to flickr-photos [0]
2024-09-05 12:59:29,813 - INFO - Message delivered to flickr-photos [0]
2024-09-05 12:59:29,813 - INFO - Message delivered to flickr-photos [0]
2024-09-05 12:59:29,814 - INFO - Message delivered to flickr-photos [0]
2024-09-05 12:59:29,815 - INFO - Message delivered to flickr-photos [0]
2024-09-05 12:59:29,816 - INFO - Message delivered to flickr-photos [0]
2024-09-05 12:59:29,816 - INFO - Message delivered to flickr-photos [0]
2024-09-05 12:59:29,817 - INFO - Message delivered to flickr-photos [0]
2024-09-05 12:59:29,817 - INFO - Message delivered to flickr-photos [0]
2024-09-05 12:59:29,818 - INFO - Message delivered to flickr-photos [0]
2024-09-05 12:59:29,819 - INFO - Message delivered to flickr-photos [0]
2024-09-05 12:59:29,820 - INFO - Message delivered to flickr-photos [0]
2024-09-05 12:59:29,820 - INFO - Message delivered to flickr-photos [0]
2024-09-05 12:59:29,821 - INFO - Message delivered to flickr-photos [0]
2024-09-05 12:59:29,821 - INFO - Added 18 new photos to Kafka.
2024-09-05 12:59:34,826 - INFO - Attempt 1 of 3 to fetch photos.
2024-09-05 12:59:34,827 - INFO - Calling {'method': 'flickr.photos.search', 'format': 'parsed-json', 'nojsoncallback': 1}
2024-09-05 12:59:36,513 - INFO - Message delivered to flickr-photos [0]
2024-09-05 12:59:36,516 - INFO - Message delivered to flickr-photos [0]
2024-09-05 12:59:36,516 - INFO - Added 2 new photos to Kafka.
2024-09-05 12:59:41,525 - INFO - Bloom filter saved to disk.
2024-09-05 12:59:41,526 - INFO - Updated min_taken_date to 2011-09-27 12:37:44
2024-09-05 13:09:43,684 - INFO - Logging initialized, writing to: ./../ingestion.log
2024-09-05 13:09:43,726 - INFO - Loaded existing Bloom filter.
2024-09-05 13:09:43,727 - INFO - No previous min_taken_date found. Using default: 2011-01-01 00:00:00
2024-09-05 13:09:43,727 - INFO - Attempt 1 of 3 to fetch photos.
2024-09-05 13:09:43,727 - INFO - Calling {'method': 'flickr.photos.search', 'format': 'parsed-json', 'nojsoncallback': 1}
2024-09-05 13:09:45,262 - INFO - Added 0 new photos to Kafka.
2024-09-05 13:09:50,264 - INFO - Attempt 1 of 3 to fetch photos.
2024-09-05 13:09:50,265 - INFO - Calling {'method': 'flickr.photos.search', 'format': 'parsed-json', 'nojsoncallback': 1}
2024-09-05 13:09:51,894 - INFO - Added 0 new photos to Kafka.
2024-09-05 13:09:56,900 - INFO - Attempt 1 of 3 to fetch photos.
2024-09-05 13:09:56,901 - INFO - Calling {'method': 'flickr.photos.search', 'format': 'parsed-json', 'nojsoncallback': 1}
2024-09-05 13:09:59,053 - INFO - Added 0 new photos to Kafka.
2024-09-05 13:10:04,057 - INFO - Bloom filter saved to disk.
2024-09-05 13:10:04,058 - INFO - Updated min_taken_date to 2011-09-27 12:37:44
2024-09-05 13:10:22,493 - INFO - Logging initialized, writing to: ./../ingestion.log
2024-09-05 13:10:22,513 - INFO - Loaded existing Bloom filter.
2024-09-05 13:10:22,513 - INFO - No previous min_taken_date found. Using default: 2011-01-01 00:00:00
2024-09-05 13:10:22,513 - INFO - Attempt 1 of 3 to fetch photos.
2024-09-05 13:10:22,514 - INFO - Calling {'method': 'flickr.photos.search', 'format': 'parsed-json', 'nojsoncallback': 1}
2024-09-05 13:10:24,174 - INFO - Added 0 new photos to Kafka.
2024-09-05 13:10:29,180 - INFO - Attempt 1 of 3 to fetch photos.
2024-09-05 13:10:29,181 - INFO - Calling {'method': 'flickr.photos.search', 'format': 'parsed-json', 'nojsoncallback': 1}
2024-09-05 13:10:30,577 - INFO - Added 0 new photos to Kafka.
2024-09-05 13:10:35,582 - INFO - Attempt 1 of 3 to fetch photos.
2024-09-05 13:10:35,583 - INFO - Calling {'method': 'flickr.photos.search', 'format': 'parsed-json', 'nojsoncallback': 1}
2024-09-05 13:10:37,277 - INFO - Added 0 new photos to Kafka.
2024-09-05 13:10:42,285 - INFO - Bloom filter saved to disk.
2024-09-05 13:10:42,286 - INFO - Updated min_taken_date to 2011-09-27 12:31:23
2024-09-05 16:02:11,597 - INFO - Logging initialized, writing to: ./../ingestion.log
2024-09-05 16:02:11,649 - INFO - Loaded existing Bloom filter.
2024-09-05 16:02:11,649 - INFO - No previous min_taken_date found. Using default: 2011-01-01 00:00:00
2024-09-05 16:02:11,649 - INFO - Attempt 1 of 3 to fetch photos.
2024-09-05 16:02:11,649 - INFO - Calling {'method': 'flickr.photos.search', 'format': 'parsed-json', 'nojsoncallback': 1}
2024-09-05 16:02:13,858 - INFO - Added 0 new photos to Kafka.
2024-09-05 16:02:18,864 - INFO - Attempt 1 of 3 to fetch photos.
2024-09-05 16:02:18,866 - INFO - Calling {'method': 'flickr.photos.search', 'format': 'parsed-json', 'nojsoncallback': 1}
2024-09-05 16:02:20,682 - INFO - Added 0 new photos to Kafka.
2024-09-05 16:02:25,688 - INFO - Attempt 1 of 3 to fetch photos.
2024-09-05 16:02:25,689 - INFO - Calling {'method': 'flickr.photos.search', 'format': 'parsed-json', 'nojsoncallback': 1}
2024-09-05 16:02:27,388 - INFO - Added 0 new photos to Kafka.
2024-09-05 16:02:32,400 - INFO - Bloom filter saved to disk.
2024-09-05 16:02:32,402 - INFO - Updated min_taken_date to 2011-09-27 12:34:35
2024-09-05 16:05:28,242 - INFO - Logging initialized, writing to: ./../ingestion.log
2024-09-05 16:05:28,263 - INFO - Created new Bloom filter or reset corrupted Bloom filter.
2024-09-05 16:05:28,263 - INFO - No previous min_taken_date found. Using default: 2011-01-01 00:00:00
2024-09-05 16:05:28,263 - INFO - Attempt 1 of 3 to fetch photos.
2024-09-05 16:05:28,263 - INFO - Calling {'method': 'flickr.photos.search', 'format': 'parsed-json', 'nojsoncallback': 1}
2024-09-05 16:05:31,374 - INFO - Message delivered to flickr-photos [0]
2024-09-05 16:05:31,435 - INFO - Message delivered to flickr-photos [0]
2024-09-05 16:05:31,437 - INFO - Message delivered to flickr-photos [0]
2024-09-05 16:05:31,440 - INFO - Message delivered to flickr-photos [0]
2024-09-05 16:05:31,452 - INFO - Message delivered to flickr-photos [0]
2024-09-05 16:05:31,455 - INFO - Message delivered to flickr-photos [0]
2024-09-05 16:05:31,458 - INFO - Message delivered to flickr-photos [0]
2024-09-05 16:05:31,489 - INFO - Message delivered to flickr-photos [0]
2024-09-05 16:05:31,490 - INFO - Message delivered to flickr-photos [0]
2024-09-05 16:05:31,490 - INFO - Message delivered to flickr-photos [0]
2024-09-05 16:05:31,490 - INFO - Message delivered to flickr-photos [0]
2024-09-05 16:05:31,491 - INFO - Message delivered to flickr-photos [0]
2024-09-05 16:05:31,491 - INFO - Message delivered to flickr-photos [0]
2024-09-05 16:05:31,491 - INFO - Message delivered to flickr-photos [0]
2024-09-05 16:05:31,491 - INFO - Message delivered to flickr-photos [0]
2024-09-05 16:05:31,492 - INFO - Message delivered to flickr-photos [0]
2024-09-05 16:05:31,492 - INFO - Message delivered to flickr-photos [0]
2024-09-05 16:05:31,492 - INFO - Message delivered to flickr-photos [0]
2024-09-05 16:05:31,492 - INFO - Message delivered to flickr-photos [0]
2024-09-05 16:05:31,493 - INFO - Message delivered to flickr-photos [0]
2024-09-05 16:05:31,493 - INFO - Message delivered to flickr-photos [0]
2024-09-05 16:05:31,493 - INFO - Message delivered to flickr-photos [0]
2024-09-05 16:05:31,494 - INFO - Message delivered to flickr-photos [0]
2024-09-05 16:05:31,494 - INFO - Message delivered to flickr-photos [0]
2024-09-05 16:05:31,500 - INFO - Message delivered to flickr-photos [0]
2024-09-05 16:05:31,500 - INFO - Message delivered to flickr-photos [0]
2024-09-05 16:05:31,500 - INFO - Message delivered to flickr-photos [0]
2024-09-05 16:05:31,501 - INFO - Message delivered to flickr-photos [0]
2024-09-05 16:05:31,501 - INFO - Message delivered to flickr-photos [0]
2024-09-05 16:05:31,502 - INFO - Message delivered to flickr-photos [0]
2024-09-05 16:05:31,502 - INFO - Message delivered to flickr-photos [0]
2024-09-05 16:05:31,502 - INFO - Message delivered to flickr-photos [0]
2024-09-05 16:05:31,503 - INFO - Message delivered to flickr-photos [0]
2024-09-05 16:05:31,503 - INFO - Message delivered to flickr-photos [0]
2024-09-05 16:05:31,503 - INFO - Message delivered to flickr-photos [0]
2024-09-05 16:05:31,503 - INFO - Message delivered to flickr-photos [0]
2024-09-05 16:05:31,504 - INFO - Message delivered to flickr-photos [0]
2024-09-05 16:05:31,512 - INFO - Message delivered to flickr-photos [0]
2024-09-05 16:05:31,512 - INFO - Message delivered to flickr-photos [0]
2024-09-05 16:05:31,517 - INFO - Message delivered to flickr-photos [0]
2024-09-05 16:05:31,517 - INFO - Message delivered to flickr-photos [0]
2024-09-05 16:05:31,517 - INFO - Message delivered to flickr-photos [0]
2024-09-05 16:05:31,521 - INFO - Message delivered to flickr-photos [0]
2024-09-05 16:05:31,522 - INFO - Message delivered to flickr-photos [0]
2024-09-05 16:05:31,523 - INFO - Message delivered to flickr-photos [0]
2024-09-05 16:05:31,524 - INFO - Message delivered to flickr-photos [0]
2024-09-05 16:05:31,524 - INFO - Message delivered to flickr-photos [0]
2024-09-05 16:05:31,525 - INFO - Message delivered to flickr-photos [0]
2024-09-05 16:05:31,525 - INFO - Message delivered to flickr-photos [0]
2024-09-05 16:05:31,525 - INFO - Message delivered to flickr-photos [0]
2024-09-05 16:05:31,525 - INFO - Message delivered to flickr-photos [0]
2024-09-05 16:05:31,526 - INFO - Message delivered to flickr-photos [0]
2024-09-05 16:05:31,526 - INFO - Message delivered to flickr-photos [0]
2024-09-05 16:05:31,527 - INFO - Message delivered to flickr-photos [0]
2024-09-05 16:05:31,527 - INFO - Message delivered to flickr-photos [0]
2024-09-05 16:05:31,528 - INFO - Message delivered to flickr-photos [0]
2024-09-05 16:05:31,528 - INFO - Message delivered to flickr-photos [0]
2024-09-05 16:05:31,529 - INFO - Message delivered to flickr-photos [0]
2024-09-05 16:05:31,530 - INFO - Message delivered to flickr-photos [0]
2024-09-05 16:05:31,531 - INFO - Message delivered to flickr-photos [0]
2024-09-05 16:05:31,531 - INFO - Message delivered to flickr-photos [0]
2024-09-05 16:05:31,532 - INFO - Message delivered to flickr-photos [0]
2024-09-05 16:05:31,532 - INFO - Message delivered to flickr-photos [0]
2024-09-05 16:05:31,532 - INFO - Message delivered to flickr-photos [0]
2024-09-05 16:05:31,532 - INFO - Message delivered to flickr-photos [0]
2024-09-05 16:05:31,532 - INFO - Message delivered to flickr-photos [0]
2024-09-05 16:05:31,533 - INFO - Message delivered to flickr-photos [0]
2024-09-05 16:05:31,533 - INFO - Message delivered to flickr-photos [0]
2024-09-05 16:05:31,533 - INFO - Message delivered to flickr-photos [0]
2024-09-05 16:05:31,536 - INFO - Message delivered to flickr-photos [0]
2024-09-05 16:05:31,536 - INFO - Message delivered to flickr-photos [0]
2024-09-05 16:05:31,536 - INFO - Message delivered to flickr-photos [0]
2024-09-05 16:05:31,536 - INFO - Message delivered to flickr-photos [0]
2024-09-05 16:05:31,537 - INFO - Message delivered to flickr-photos [0]
2024-09-05 16:05:31,537 - INFO - Message delivered to flickr-photos [0]
2024-09-05 16:05:31,537 - INFO - Message delivered to flickr-photos [0]
2024-09-05 16:05:31,537 - INFO - Message delivered to flickr-photos [0]
2024-09-05 16:05:31,537 - INFO - Message delivered to flickr-photos [0]
2024-09-05 16:05:31,537 - INFO - Message delivered to flickr-photos [0]
2024-09-05 16:05:31,538 - INFO - Message delivered to flickr-photos [0]
2024-09-05 16:05:31,538 - INFO - Message delivered to flickr-photos [0]
2024-09-05 16:05:31,538 - INFO - Message delivered to flickr-photos [0]
2024-09-05 16:05:31,538 - INFO - Message delivered to flickr-photos [0]
2024-09-05 16:05:31,538 - INFO - Message delivered to flickr-photos [0]
2024-09-05 16:05:31,539 - INFO - Message delivered to flickr-photos [0]
2024-09-05 16:05:31,539 - INFO - Message delivered to flickr-photos [0]
2024-09-05 16:05:31,539 - INFO - Message delivered to flickr-photos [0]
2024-09-05 16:05:31,540 - INFO - Message delivered to flickr-photos [0]
2024-09-05 16:05:31,541 - INFO - Message delivered to flickr-photos [0]
2024-09-05 16:05:31,542 - INFO - Message delivered to flickr-photos [0]
2024-09-05 16:05:31,543 - INFO - Message delivered to flickr-photos [0]
2024-09-05 16:05:31,543 - INFO - Message delivered to flickr-photos [0]
2024-09-05 16:05:31,543 - INFO - Message delivered to flickr-photos [0]
2024-09-05 16:05:31,543 - INFO - Message delivered to flickr-photos [0]
2024-09-05 16:05:31,543 - INFO - Message delivered to flickr-photos [0]
2024-09-05 16:05:31,549 - INFO - Message delivered to flickr-photos [0]
2024-09-05 16:05:31,549 - INFO - Message delivered to flickr-photos [0]
2024-09-05 16:05:31,549 - INFO - Message delivered to flickr-photos [0]
2024-09-05 16:05:31,550 - INFO - Message delivered to flickr-photos [0]
2024-09-05 16:05:31,550 - INFO - Message delivered to flickr-photos [0]
2024-09-05 16:05:31,550 - INFO - Message delivered to flickr-photos [0]
2024-09-05 16:05:31,550 - INFO - Message delivered to flickr-photos [0]
2024-09-05 16:05:31,550 - INFO - Message delivered to flickr-photos [0]
2024-09-05 16:05:31,551 - INFO - Message delivered to flickr-photos [0]
2024-09-05 16:05:31,551 - INFO - Message delivered to flickr-photos [0]
2024-09-05 16:05:31,551 - INFO - Message delivered to flickr-photos [0]
2024-09-05 16:05:31,551 - INFO - Message delivered to flickr-photos [0]
2024-09-05 16:05:31,553 - INFO - Message delivered to flickr-photos [0]
2024-09-05 16:05:31,554 - INFO - Message delivered to flickr-photos [0]
2024-09-05 16:05:31,555 - INFO - Message delivered to flickr-photos [0]
2024-09-05 16:05:31,555 - INFO - Message delivered to flickr-photos [0]
2024-09-05 16:05:31,556 - INFO - Message delivered to flickr-photos [0]
2024-09-05 16:05:31,556 - INFO - Message delivered to flickr-photos [0]
2024-09-05 16:05:31,556 - INFO - Message delivered to flickr-photos [0]
2024-09-05 16:05:31,556 - INFO - Message delivered to flickr-photos [0]
2024-09-05 16:05:31,556 - INFO - Message delivered to flickr-photos [0]
2024-09-05 16:05:31,557 - INFO - Message delivered to flickr-photos [0]
2024-09-05 16:05:31,557 - INFO - Message delivered to flickr-photos [0]
2024-09-05 16:05:31,557 - INFO - Message delivered to flickr-photos [0]
2024-09-05 16:05:31,557 - INFO - Message delivered to flickr-photos [0]
2024-09-05 16:05:31,557 - INFO - Message delivered to flickr-photos [0]
2024-09-05 16:05:31,558 - INFO - Message delivered to flickr-photos [0]
2024-09-05 16:05:31,558 - INFO - Message delivered to flickr-photos [0]
2024-09-05 16:05:31,564 - INFO - Message delivered to flickr-photos [0]
2024-09-05 16:05:31,564 - INFO - Message delivered to flickr-photos [0]
2024-09-05 16:05:31,564 - INFO - Message delivered to flickr-photos [0]
2024-09-05 16:05:31,565 - INFO - Message delivered to flickr-photos [0]
2024-09-05 16:05:31,565 - INFO - Message delivered to flickr-photos [0]
2024-09-05 16:05:31,565 - INFO - Message delivered to flickr-photos [0]
2024-09-05 16:05:31,565 - INFO - Message delivered to flickr-photos [0]
2024-09-05 16:05:31,565 - INFO - Message delivered to flickr-photos [0]
2024-09-05 16:05:31,571 - INFO - Message delivered to flickr-photos [0]
2024-09-05 16:05:31,572 - INFO - Message delivered to flickr-photos [0]
2024-09-05 16:05:31,572 - INFO - Message delivered to flickr-photos [0]
2024-09-05 16:05:31,575 - INFO - Message delivered to flickr-photos [0]
2024-09-05 16:05:31,575 - INFO - Message delivered to flickr-photos [0]
2024-09-05 16:05:31,577 - INFO - Message delivered to flickr-photos [0]
2024-09-05 16:05:31,578 - INFO - Message delivered to flickr-photos [0]
2024-09-05 16:05:31,579 - INFO - Message delivered to flickr-photos [0]
2024-09-05 16:05:31,579 - INFO - Message delivered to flickr-photos [0]
2024-09-05 16:05:31,579 - INFO - Message delivered to flickr-photos [0]
2024-09-05 16:05:31,580 - INFO - Message delivered to flickr-photos [0]
2024-09-05 16:05:31,580 - INFO - Message delivered to flickr-photos [0]
2024-09-05 16:05:31,580 - INFO - Message delivered to flickr-photos [0]
2024-09-05 16:05:31,581 - INFO - Message delivered to flickr-photos [0]
2024-09-05 16:05:31,581 - INFO - Message delivered to flickr-photos [0]
2024-09-05 16:05:31,582 - INFO - Message delivered to flickr-photos [0]
2024-09-05 16:05:31,583 - INFO - Message delivered to flickr-photos [0]
2024-09-05 16:05:31,583 - INFO - Message delivered to flickr-photos [0]
2024-09-05 16:05:31,584 - INFO - Message delivered to flickr-photos [0]
2024-09-05 16:05:31,584 - INFO - Message delivered to flickr-photos [0]
2024-09-05 16:05:31,584 - INFO - Message delivered to flickr-photos [0]
2024-09-05 16:05:31,584 - INFO - Message delivered to flickr-photos [0]
2024-09-05 16:05:31,585 - INFO - Message delivered to flickr-photos [0]
2024-09-05 16:05:31,585 - INFO - Message delivered to flickr-photos [0]
2024-09-05 16:05:31,585 - INFO - Message delivered to flickr-photos [0]
2024-09-05 16:05:31,585 - INFO - Message delivered to flickr-photos [0]
2024-09-05 16:05:31,585 - INFO - Message delivered to flickr-photos [0]
2024-09-05 16:05:31,585 - INFO - Message delivered to flickr-photos [0]
2024-09-05 16:05:31,586 - INFO - Message delivered to flickr-photos [0]
2024-09-05 16:05:31,586 - INFO - Message delivered to flickr-photos [0]
2024-09-05 16:05:31,586 - INFO - Message delivered to flickr-photos [0]
2024-09-05 16:05:31,586 - INFO - Message delivered to flickr-photos [0]
2024-09-05 16:05:31,587 - INFO - Message delivered to flickr-photos [0]
2024-09-05 16:05:31,588 - INFO - Message delivered to flickr-photos [0]
2024-09-05 16:05:31,588 - INFO - Message delivered to flickr-photos [0]
2024-09-05 16:05:31,588 - INFO - Message delivered to flickr-photos [0]
2024-09-05 16:05:31,589 - INFO - Message delivered to flickr-photos [0]
2024-09-05 16:05:31,589 - INFO - Message delivered to flickr-photos [0]
2024-09-05 16:05:31,590 - INFO - Message delivered to flickr-photos [0]
2024-09-05 16:05:31,590 - INFO - Message delivered to flickr-photos [0]
2024-09-05 16:05:31,591 - INFO - Message delivered to flickr-photos [0]
2024-09-05 16:05:31,592 - INFO - Message delivered to flickr-photos [0]
2024-09-05 16:05:31,593 - INFO - Message delivered to flickr-photos [0]
2024-09-05 16:05:31,595 - INFO - Message delivered to flickr-photos [0]
2024-09-05 16:05:31,596 - INFO - Message delivered to flickr-photos [0]
2024-09-05 16:05:31,596 - INFO - Message delivered to flickr-photos [0]
2024-09-05 16:05:31,597 - INFO - Message delivered to flickr-photos [0]
2024-09-05 16:05:31,598 - INFO - Message delivered to flickr-photos [0]
2024-09-05 16:05:31,599 - INFO - Message delivered to flickr-photos [0]
2024-09-05 16:05:31,600 - INFO - Message delivered to flickr-photos [0]
2024-09-05 16:05:31,603 - INFO - Message delivered to flickr-photos [0]
2024-09-05 16:05:31,604 - INFO - Message delivered to flickr-photos [0]
2024-09-05 16:05:31,604 - INFO - Message delivered to flickr-photos [0]
2024-09-05 16:05:31,605 - INFO - Message delivered to flickr-photos [0]
2024-09-05 16:05:31,607 - INFO - Message delivered to flickr-photos [0]
2024-09-05 16:05:31,608 - INFO - Message delivered to flickr-photos [0]
2024-09-05 16:05:31,608 - INFO - Message delivered to flickr-photos [0]
2024-09-05 16:05:31,608 - INFO - Message delivered to flickr-photos [0]
2024-09-05 16:05:31,609 - INFO - Message delivered to flickr-photos [0]
2024-09-05 16:05:31,609 - INFO - Message delivered to flickr-photos [0]
2024-09-05 16:05:31,609 - INFO - Message delivered to flickr-photos [0]
2024-09-05 16:05:31,610 - INFO - Message delivered to flickr-photos [0]
2024-09-05 16:05:31,611 - INFO - Message delivered to flickr-photos [0]
2024-09-05 16:05:31,612 - INFO - Message delivered to flickr-photos [0]
2024-09-05 16:05:31,612 - INFO - Message delivered to flickr-photos [0]
2024-09-05 16:05:31,613 - INFO - Message delivered to flickr-photos [0]
2024-09-05 16:05:31,613 - INFO - Message delivered to flickr-photos [0]
2024-09-05 16:05:31,614 - INFO - Message delivered to flickr-photos [0]
2024-09-05 16:05:31,614 - INFO - Message delivered to flickr-photos [0]
2024-09-05 16:05:31,614 - INFO - Message delivered to flickr-photos [0]
2024-09-05 16:05:31,615 - INFO - Message delivered to flickr-photos [0]
2024-09-05 16:05:31,615 - INFO - Message delivered to flickr-photos [0]
2024-09-05 16:05:31,615 - INFO - Message delivered to flickr-photos [0]
2024-09-05 16:05:31,615 - INFO - Message delivered to flickr-photos [0]
2024-09-05 16:05:31,616 - INFO - Message delivered to flickr-photos [0]
2024-09-05 16:05:31,616 - INFO - Message delivered to flickr-photos [0]
2024-09-05 16:05:31,616 - INFO - Message delivered to flickr-photos [0]
2024-09-05 16:05:31,616 - INFO - Message delivered to flickr-photos [0]
2024-09-05 16:05:31,616 - INFO - Message delivered to flickr-photos [0]
2024-09-05 16:05:31,617 - INFO - Message delivered to flickr-photos [0]
2024-09-05 16:05:31,617 - INFO - Message delivered to flickr-photos [0]
2024-09-05 16:05:31,618 - INFO - Message delivered to flickr-photos [0]
2024-09-05 16:05:31,618 - INFO - Message delivered to flickr-photos [0]
2024-09-05 16:05:31,618 - INFO - Message delivered to flickr-photos [0]
2024-09-05 16:05:31,618 - INFO - Message delivered to flickr-photos [0]
2024-09-05 16:05:31,618 - INFO - Message delivered to flickr-photos [0]
2024-09-05 16:05:31,619 - INFO - Message delivered to flickr-photos [0]
2024-09-05 16:05:31,619 - INFO - Message delivered to flickr-photos [0]
2024-09-05 16:05:31,621 - INFO - Message delivered to flickr-photos [0]
2024-09-05 16:05:31,622 - INFO - Message delivered to flickr-photos [0]
2024-09-05 16:05:31,622 - INFO - Message delivered to flickr-photos [0]
2024-09-05 16:05:31,623 - INFO - Message delivered to flickr-photos [0]
2024-09-05 16:05:31,623 - INFO - Message delivered to flickr-photos [0]
2024-09-05 16:05:31,624 - INFO - Message delivered to flickr-photos [0]
2024-09-05 16:05:31,624 - INFO - Message delivered to flickr-photos [0]
2024-09-05 16:05:31,624 - INFO - Message delivered to flickr-photos [0]
2024-09-05 16:05:31,624 - INFO - Message delivered to flickr-photos [0]
2024-09-05 16:05:31,624 - INFO - Message delivered to flickr-photos [0]
2024-09-05 16:05:31,626 - INFO - Message delivered to flickr-photos [0]
2024-09-05 16:05:31,626 - INFO - Message delivered to flickr-photos [0]
2024-09-05 16:05:31,627 - INFO - Message delivered to flickr-photos [0]
2024-09-05 16:05:31,628 - INFO - Message delivered to flickr-photos [0]
2024-09-05 16:05:31,629 - INFO - Message delivered to flickr-photos [0]
2024-09-05 16:05:31,630 - INFO - Message delivered to flickr-photos [0]
2024-09-05 16:05:31,631 - INFO - Message delivered to flickr-photos [0]
2024-09-05 16:05:31,632 - INFO - Message delivered to flickr-photos [0]
2024-09-05 16:05:31,632 - INFO - Message delivered to flickr-photos [0]
2024-09-05 16:05:31,632 - INFO - Message delivered to flickr-photos [0]
2024-09-05 16:05:31,633 - INFO - Message delivered to flickr-photos [0]
2024-09-05 16:05:31,633 - INFO - Message delivered to flickr-photos [0]
2024-09-05 16:05:31,633 - INFO - Message delivered to flickr-photos [0]
2024-09-05 16:05:31,634 - INFO - Message delivered to flickr-photos [0]
2024-09-05 16:05:31,634 - INFO - Message delivered to flickr-photos [0]
2024-09-05 16:05:31,634 - INFO - Message delivered to flickr-photos [0]
2024-09-05 16:05:31,635 - INFO - Message delivered to flickr-photos [0]
2024-09-05 16:05:31,635 - INFO - Message delivered to flickr-photos [0]
2024-09-05 16:05:31,635 - INFO - Message delivered to flickr-photos [0]
2024-09-05 16:05:31,635 - INFO - Message delivered to flickr-photos [0]
2024-09-05 16:05:31,635 - INFO - Message delivered to flickr-photos [0]
2024-09-05 16:05:31,636 - INFO - Added 250 new photos to Kafka.
2024-09-05 16:05:36,645 - INFO - Attempt 1 of 3 to fetch photos.
2024-09-05 16:05:36,647 - INFO - Calling {'method': 'flickr.photos.search', 'format': 'parsed-json', 'nojsoncallback': 1}
2024-09-05 16:05:38,292 - INFO - Message delivered to flickr-photos [0]
2024-09-05 16:05:38,293 - INFO - Message delivered to flickr-photos [0]
2024-09-05 16:05:38,311 - INFO - Message delivered to flickr-photos [0]
2024-09-05 16:05:38,312 - INFO - Message delivered to flickr-photos [0]
2024-09-05 16:05:38,320 - INFO - Message delivered to flickr-photos [0]
2024-09-05 16:05:38,329 - INFO - Message delivered to flickr-photos [0]
2024-09-05 16:05:38,329 - INFO - Added 6 new photos to Kafka.
2024-09-05 16:05:43,332 - INFO - Attempt 1 of 3 to fetch photos.
2024-09-05 16:05:43,334 - INFO - Calling {'method': 'flickr.photos.search', 'format': 'parsed-json', 'nojsoncallback': 1}
2024-09-05 16:05:45,326 - INFO - Message delivered to flickr-photos [0]
2024-09-05 16:05:45,327 - INFO - Added 1 new photos to Kafka.
2024-09-05 16:05:50,336 - INFO - Bloom filter saved to disk.
2024-09-05 16:05:50,341 - INFO - Updated min_taken_date to 2011-09-27 12:31:54
2024-09-05 16:07:53,830 - INFO - Logging initialized, writing to: ./../ingestion.log
2024-09-05 16:07:53,897 - INFO - Loaded existing Bloom filter.
2024-09-05 16:07:53,898 - INFO - No previous min_taken_date found. Using default: 2011-01-01 00:00:00
2024-09-05 16:07:53,898 - INFO - Attempt 1 of 3 to fetch photos.
2024-09-05 16:07:53,898 - INFO - Calling {'method': 'flickr.photos.search', 'format': 'parsed-json', 'nojsoncallback': 1}
2024-09-05 16:07:55,877 - INFO - Added 0 new photos to Kafka.
2024-09-05 16:08:00,879 - INFO - Attempt 1 of 3 to fetch photos.
2024-09-05 16:08:00,881 - INFO - Calling {'method': 'flickr.photos.search', 'format': 'parsed-json', 'nojsoncallback': 1}
2024-09-05 16:08:04,008 - INFO - Message delivered to flickr-photos [0]
2024-09-05 16:08:04,025 - INFO - Message delivered to flickr-photos [0]
2024-09-05 16:08:04,026 - INFO - Message delivered to flickr-photos [0]
2024-09-05 16:08:04,031 - INFO - Message delivered to flickr-photos [0]
2024-09-05 16:08:04,032 - INFO - Message delivered to flickr-photos [0]
2024-09-05 16:08:04,041 - INFO - Message delivered to flickr-photos [0]
2024-09-05 16:08:04,042 - INFO - Message delivered to flickr-photos [0]
2024-09-05 16:08:04,042 - INFO - Message delivered to flickr-photos [0]
2024-09-05 16:08:04,042 - INFO - Message delivered to flickr-photos [0]
2024-09-05 16:08:04,053 - INFO - Message delivered to flickr-photos [0]
2024-09-05 16:08:04,054 - INFO - Added 10 new photos to Kafka.
2024-09-05 16:08:09,056 - INFO - Attempt 1 of 3 to fetch photos.
2024-09-05 16:08:09,058 - INFO - Calling {'method': 'flickr.photos.search', 'format': 'parsed-json', 'nojsoncallback': 1}
2024-09-05 16:08:10,997 - INFO - Added 0 new photos to Kafka.
2024-09-05 16:08:16,004 - INFO - Bloom filter saved to disk.
2024-09-05 16:08:16,005 - INFO - Updated min_taken_date to 2011-09-26 09:32:57
2024-09-06 14:48:21,203 - INFO - Logging initialized, writing to: ./../ingestion.log
2024-09-06 14:48:21,253 - INFO - Loaded existing Bloom filter.
2024-09-06 14:48:21,254 - INFO - No previous min_taken_date found. Using default: 2011-01-01 00:00:00
2024-09-06 14:48:21,254 - INFO - Attempt 1 of 3 to fetch photos.
2024-09-06 14:48:21,254 - INFO - Calling {'method': 'flickr.photos.search', 'format': 'parsed-json', 'nojsoncallback': 1}
2024-09-06 14:48:23,730 - INFO - Added 0 new photos to Kafka.
2024-09-06 14:48:28,735 - INFO - Attempt 1 of 3 to fetch photos.
2024-09-06 14:48:28,736 - INFO - Calling {'method': 'flickr.photos.search', 'format': 'parsed-json', 'nojsoncallback': 1}
2024-09-06 14:48:30,805 - INFO - Added 0 new photos to Kafka.
2024-09-06 14:48:35,811 - INFO - Attempt 1 of 3 to fetch photos.
2024-09-06 14:48:35,812 - INFO - Calling {'method': 'flickr.photos.search', 'format': 'parsed-json', 'nojsoncallback': 1}
